#
# A fatal error has been detected by the Java Runtime Environment:
#
#  EXCEPTION_ACCESS_VIOLATION (0xc0000005) at pc=0x0000000074c8078e, pid=76864, tid=0x0000000000011374
#
# JRE version: Java(TM) SE Runtime Environment (8.0_144-b01) (build 1.8.0_144-b01)
# Java VM: Java HotSpot(TM) 64-Bit Server VM (25.144-b01 mixed mode windows-amd64 compressed oops)
# Problematic frame:
# V  [jvm.dll+0x1e078e]
#
# Failed to write core dump. Minidumps are not enabled by default on client versions of Windows
#
# If you would like to submit a bug report, please visit:
#   http://bugreport.java.com/bugreport/crash.jsp
#

---------------  T H R E A D  ---------------

Current thread (0x00000000050d4000):  JavaThread "main" [_thread_in_vm, id=70516, stack(0x0000000004e50000,0x0000000004f50000)]

siginfo: ExceptionCode=0xc0000005, writing address 0x0000000000000000

Registers:
RAX=0x000000003f800000, RBX=0x00000000050d4000, RCX=0x0000000000000400, RDX=0x0000000004f4f4c0
RSP=0x0000000004f4f3b0, RBP=0x0000000000000000, RSI=0x0000000000000000, RDI=0x0000000000000000
R8 =0x0000000000000000, R9 =0x0000000000000000, R10=0x00000000051f0fe0, R11=0x0000000074ccbc50
R12=0x0000000000000000, R13=0x000000001e20e750, R14=0x0000000004f4f4c0, R15=0x00000000050d4000
RIP=0x0000000074c8078e, EFLAGS=0x0000000000010246

Top of Stack: (sp=0x0000000004f4f3b0)
0x0000000004f4f3b0:   00000000050d4868 00000000050d4000
0x0000000004f4f3c0:   000000001e20e750 0000000020200021
0x0000000004f4f3d0:   00000000051d7f10 00000000051f100c
0x0000000004f4f3e0:   000000001e20e750 0000000004f4f478
0x0000000004f4f3f0:   0000000020200021 00000000051d7f10
0x0000000004f4f400:   000000003f800000 00000000051f0a6b
0x0000000004f4f410:   00000000050d4000 000000001e20e750
0x0000000004f4f420:   0000000020200021 00000000050d4000
0x0000000004f4f430:   00000000051f0a22 0000000004f4f438
0x0000000004f4f440:   000000001e20e750 0000000004f4f4c0
0x0000000004f4f450:   000000001e23dd88 0000000000000000
0x0000000004f4f460:   000000001e20e750 0000000000000000
0x0000000004f4f470:   0000000004f4f498 0000000004f4f508
0x0000000004f4f480:   00000000051d83fd 0000000000000000
0x0000000004f4f490:   00000000051e71b8 000000003f800000
0x0000000004f4f4a0:   00000000050d4000 0000000000000000 

Instructions: (pc=0x0000000074c8078e)
0x0000000074c8076e:   08 48 8b cb e8 19 25 06 00 c7 83 70 02 00 00 06
0x0000000074c8077e:   00 00 00 48 85 f6 74 03 48 8b 3e 48 8b 44 24 50
0x0000000074c8078e:   48 89 04 2f 48 8b 7b 48 48 8b 47 10 48 8b 77 08
0x0000000074c8079e:   48 83 38 00 74 15 48 8b 57 28 48 8b ce e8 10 d9 


Register to memory mapping:

RAX=0x000000003f800000 is an unknown value
RBX=0x00000000050d4000 is a thread
RCX=0x0000000000000400 is an unknown value
RDX=0x0000000004f4f4c0 is pointing into the stack for thread: 0x00000000050d4000
RSP=0x0000000004f4f3b0 is pointing into the stack for thread: 0x00000000050d4000
RBP=0x0000000000000000 is an unknown value
RSI=0x0000000000000000 is an unknown value
RDI=0x0000000000000000 is an unknown value
R8 =0x0000000000000000 is an unknown value
R9 =0x0000000000000000 is an unknown value
R10=0x00000000051f0fe0 is at code_begin+1632 in an Interpreter codelet
method entry point (kind = native)  [0x00000000051f0980, 0x00000000051f19a0]  4128 bytes
R11=0x0000000074ccbc50 is an unknown value
R12=0x0000000000000000 is an unknown value
R13={method} {0x000000001e20e758} 'putLong' '(Ljava/lang/Object;JJ)V' in 'sun/misc/Unsafe'
R14=0x0000000004f4f4c0 is pointing into the stack for thread: 0x00000000050d4000
R15=0x00000000050d4000 is a thread


Stack: [0x0000000004e50000,0x0000000004f50000],  sp=0x0000000004f4f3b0,  free space=1020k
Native frames: (J=compiled Java code, j=interpreted, Vv=VM code, C=native code)

Java frames: (J=compiled Java code, j=interpreted, Vv=VM code)
j  sun.misc.Unsafe.putLong(Ljava/lang/Object;JJ)V+0
j  org.joml.MemUtil$MemUtilUnsafe.putLong(Ljava/lang/Object;JJ)V+6
j  org.joml.MemUtil$MemUtilUnsafe.put(Lorg/joml/Matrix4f;J)V+34
j  org.joml.MemUtil$MemUtilUnsafe.put(Lorg/joml/Matrix4f;ILjava/nio/FloatBuffer;)V+28
j  org.joml.Matrix4f.get(ILjava/nio/FloatBuffer;)Ljava/nio/FloatBuffer;+6
j  org.joml.Matrix4f.get(Ljava/nio/FloatBuffer;)Ljava/nio/FloatBuffer;+6
j  com.gopiandcode.shaders.ShaderProgram.loadMatrix(ILorg/joml/Matrix4f;)V+11
j  com.gopiandcode.shaders.StaticShader.loadTransformationMatrix(Lorg/joml/Matrix4f;)V+6
j  com.gopiandcode.render.EntityRenderer.render(Lcom/gopiandcode/entity/Entity;Lcom/gopiandcode/shaders/StaticShader;)V+61
j  com.gopiandcode.gametester.MainGameLoop.main([Ljava/lang/String;)V+267
v  ~StubRoutines::call_stub

---------------  P R O C E S S  ---------------

Java Threads: ( => current thread )
  0x0000000020b9e800 JavaThread "Service Thread" daemon [_thread_blocked, id=71768, stack(0x0000000021a30000,0x0000000021b30000)]
  0x0000000020b6f800 JavaThread "C1 CompilerThread3" daemon [_thread_blocked, id=75540, stack(0x0000000021930000,0x0000000021a30000)]
  0x0000000020b61800 JavaThread "C2 CompilerThread2" daemon [_thread_blocked, id=71836, stack(0x0000000021830000,0x0000000021930000)]
  0x0000000020b67800 JavaThread "C2 CompilerThread1" daemon [_thread_blocked, id=65960, stack(0x0000000021730000,0x0000000021830000)]
  0x0000000020b65000 JavaThread "C2 CompilerThread0" daemon [_thread_blocked, id=75616, stack(0x0000000021630000,0x0000000021730000)]
  0x0000000020a83800 JavaThread "JDWP Command Reader" daemon [_thread_blocked, id=76300, stack(0x0000000021530000,0x0000000021630000)]
  0x0000000020a82800 JavaThread "JDWP Event Helper Thread" daemon [_thread_blocked, id=73460, stack(0x0000000021430000,0x0000000021530000)]
  0x0000000020a7b800 JavaThread "JDWP Transport Listener: dt_socket" daemon [_thread_blocked, id=74956, stack(0x0000000021330000,0x0000000021430000)]
  0x0000000020a73800 JavaThread "Attach Listener" daemon [_thread_blocked, id=66672, stack(0x0000000021230000,0x0000000021330000)]
  0x0000000020a72800 JavaThread "Signal Dispatcher" daemon [_thread_blocked, id=68652, stack(0x0000000021130000,0x0000000021230000)]
  0x0000000020a60800 JavaThread "Finalizer" daemon [_thread_blocked, id=62520, stack(0x0000000020e40000,0x0000000020f40000)]
  0x00000000051cb000 JavaThread "Reference Handler" daemon [_thread_blocked, id=74784, stack(0x0000000020940000,0x0000000020a40000)]
=>0x00000000050d4000 JavaThread "main" [_thread_in_vm, id=70516, stack(0x0000000004e50000,0x0000000004f50000)]

Other Threads:
  0x000000001eb77800 VMThread [stack: 0x0000000020840000,0x0000000020940000] [id=75748]
  0x0000000020ba5000 WatcherThread [stack: 0x0000000021b30000,0x0000000021c30000] [id=58660]

VM state:synchronizing (normal execution)

VM Mutex/Monitor currently owned by a thread:  ([mutex/lock_event])
[0x00000000050d04d0] Threads_lock - owner thread: 0x000000001eb77800

Heap:
 PSYoungGen      total 75776K, used 13706K [0x000000076b780000, 0x0000000770c00000, 0x00000007c0000000)
  eden space 65024K, 21% used [0x000000076b780000,0x000000076c4e2a70,0x000000076f700000)
  from space 10752K, 0% used [0x0000000770180000,0x0000000770180000,0x0000000770c00000)
  to   space 10752K, 0% used [0x000000076f700000,0x000000076f700000,0x0000000770180000)
 ParOldGen       total 173568K, used 0K [0x00000006c2600000, 0x00000006ccf80000, 0x000000076b780000)
  object space 173568K, 0% used [0x00000006c2600000,0x00000006c2600000,0x00000006ccf80000)
 Metaspace       used 6870K, capacity 7011K, committed 7040K, reserved 1056768K
  class space    used 589K, capacity 624K, committed 640K, reserved 1048576K

Card table byte_map: [0x0000000014590000,0x0000000014d80000] byte_map_base: 0x0000000010f7d000

Marking Bits: (ParMarkBitMap*) 0x00000000752bd850
 Begin Bits: [0x0000000015ad0000, 0x0000000019a38000)
 End Bits:   [0x0000000019a38000, 0x000000001d9a0000)

Polling page: 0x0000000003600000

CodeCache: size=245760Kb used=2023Kb max_used=2028Kb free=243736Kb
 bounds [0x00000000051d0000, 0x0000000005440000, 0x00000000141d0000]
 total_blobs=801 nmethods=363 adapters=359
 compilation: enabled

Compilation events (10 events):
Event: 1.792 Thread 0x0000000020b6f800  360       3       sun.misc.FDBigInteger::mult (64 bytes)
Event: 1.792 Thread 0x0000000020b6f800 nmethod 360 0x00000000053c4210 code [0x00000000053c4380, 0x00000000053c4610]
Event: 1.792 Thread 0x0000000020b6f800  361       3       sun.misc.FDBigInteger::<init> (30 bytes)
Event: 1.792 Thread 0x0000000020b6f800 nmethod 361 0x00000000053c3d90 code [0x00000000053c3f00, 0x00000000053c4128]
Event: 1.792 Thread 0x0000000020b6f800  362       3       sun.misc.FDBigInteger::trimLeadingZeros (57 bytes)
Event: 1.792 Thread 0x0000000020b6f800 nmethod 362 0x00000000053c37d0 code [0x00000000053c3940, 0x00000000053c3c70]
Event: 1.793 Thread 0x0000000020b6f800  363  s    3       java.lang.StringBuffer::toString (36 bytes)
Event: 1.793 Thread 0x0000000020b6f800 nmethod 363 0x00000000053c3050 code [0x00000000053c31e0, 0x00000000053c3688]
Event: 1.793 Thread 0x0000000020b6f800  364  s    1       java.lang.StringBuffer::length (5 bytes)
Event: 1.794 Thread 0x0000000020b6f800 nmethod 364 0x00000000053c2c10 code [0x00000000053c2d60, 0x00000000053c2fd0]

GC Heap History (0 events):
No events

Deoptimization events (0 events):
No events

Internal exceptions (6 events):
Event: 0.033 Thread 0x00000000050d4000 Exception <a 'java/lang/NoSuchMethodError': Method sun.misc.Unsafe.defineClass(Ljava/lang/String;[BII)Ljava/lang/Class; name or signature does not match> (0x000000076b787ca8) thrown at [C:\re\workspace\8-2-build-windows-amd64-cygwin\jdk8u144\9417\hotspot\
Event: 0.033 Thread 0x00000000050d4000 Exception <a 'java/lang/NoSuchMethodError': Method sun.misc.Unsafe.prefetchRead(Ljava/lang/Object;J)V name or signature does not match> (0x000000076b787f90) thrown at [C:\re\workspace\8-2-build-windows-amd64-cygwin\jdk8u144\9417\hotspot\src\share\vm\prims
Event: 1.630 Thread 0x00000000050d4000 Exception <a 'java/security/PrivilegedActionException'> (0x000000076c0aa278) thrown at [C:\re\workspace\8-2-build-windows-amd64-cygwin\jdk8u144\9417\hotspot\src\share\vm\prims\jvm.cpp, line 1390]
Event: 1.630 Thread 0x00000000050d4000 Exception <a 'java/security/PrivilegedActionException'> (0x000000076c0aa670) thrown at [C:\re\workspace\8-2-build-windows-amd64-cygwin\jdk8u144\9417\hotspot\src\share\vm\prims\jvm.cpp, line 1390]
Event: 1.631 Thread 0x00000000050d4000 Exception <a 'java/security/PrivilegedActionException'> (0x000000076c0ae950) thrown at [C:\re\workspace\8-2-build-windows-amd64-cygwin\jdk8u144\9417\hotspot\src\share\vm\prims\jvm.cpp, line 1390]
Event: 1.631 Thread 0x00000000050d4000 Exception <a 'java/security/PrivilegedActionException'> (0x000000076c0aed48) thrown at [C:\re\workspace\8-2-build-windows-amd64-cygwin\jdk8u144\9417\hotspot\src\share\vm\prims\jvm.cpp, line 1390]

Events (10 events):
Event: 1.792 loading class java/text/AttributedCharacterIterator$Attribute
Event: 1.792 loading class java/text/AttributedCharacterIterator$Attribute done
Event: 1.792 loading class java/text/Format$Field done
Event: 1.792 loading class java/text/NumberFormat$Field done
Event: 1.793 Executing VM operation: ForceSafepoint
Event: 1.793 Executing VM operation: ForceSafepoint done
Event: 4.175 Executing VM operation: EnableBiasedLocking
Event: 4.175 Executing VM operation: EnableBiasedLocking done
Event: 7.956 Executing VM operation: ChangeBreakpoints
Event: 7.956 Executing VM operation: ChangeBreakpoints done


Dynamic libraries:
0x00007ff616ed0000 - 0x00007ff616f07000 	C:\Program Files\Java\jdk1.8.0_144\bin\java.exe
0x00007fffb1eb0000 - 0x00007fffb2090000 	C:\WINDOWS\SYSTEM32\ntdll.dll
0x00007fffb0440000 - 0x00007fffb04ee000 	C:\WINDOWS\System32\KERNEL32.DLL
0x00007fffae550000 - 0x00007fffae7b6000 	C:\WINDOWS\System32\KERNELBASE.dll
0x00007fffb06a0000 - 0x00007fffb0741000 	C:\WINDOWS\System32\ADVAPI32.dll
0x00007fffb1cd0000 - 0x00007fffb1d6d000 	C:\WINDOWS\System32\msvcrt.dll
0x00007fffaf620000 - 0x00007fffaf67b000 	C:\WINDOWS\System32\sechost.dll
0x00007fffb02b0000 - 0x00007fffb03cf000 	C:\WINDOWS\System32\RPCRT4.dll
0x00007fffaf3e0000 - 0x00007fffaf56f000 	C:\WINDOWS\System32\USER32.dll
0x00007fffae2b0000 - 0x00007fffae2d0000 	C:\WINDOWS\System32\win32u.dll
0x00007fffafdf0000 - 0x00007fffafe18000 	C:\WINDOWS\System32\GDI32.dll
0x00007fffae8c0000 - 0x00007fffaea53000 	C:\WINDOWS\System32\gdi32full.dll
0x00007fffae820000 - 0x00007fffae8bb000 	C:\WINDOWS\System32\msvcp_win.dll
0x00007fffae450000 - 0x00007fffae546000 	C:\WINDOWS\System32\ucrtbase.dll
0x00007fffa0a80000 - 0x00007fffa0ce9000 	C:\WINDOWS\WinSxS\amd64_microsoft.windows.common-controls_6595b64144ccf1df_6.0.16299.125_none_15cbcf8893620c09\COMCTL32.dll
0x00007fffaf680000 - 0x00007fffaf988000 	C:\WINDOWS\System32\combase.dll
0x00007fffae2d0000 - 0x00007fffae342000 	C:\WINDOWS\System32\bcryptPrimitives.dll
0x00007fffb0750000 - 0x00007fffb077d000 	C:\WINDOWS\System32\IMM32.DLL
0x0000000075aa0000 - 0x0000000075b72000 	C:\Program Files\Java\jdk1.8.0_144\jre\bin\msvcr100.dll
0x0000000074aa0000 - 0x000000007533d000 	C:\Program Files\Java\jdk1.8.0_144\jre\bin\server\jvm.dll
0x00007fffb1cc0000 - 0x00007fffb1cc8000 	C:\WINDOWS\System32\PSAPI.DLL
0x00007fffacea0000 - 0x00007fffacea9000 	C:\WINDOWS\SYSTEM32\WSOCK32.dll
0x00007fffaaed0000 - 0x00007fffaaef3000 	C:\WINDOWS\SYSTEM32\WINMM.dll
0x00007fffa7330000 - 0x00007fffa733a000 	C:\WINDOWS\SYSTEM32\VERSION.dll
0x00007fffb03d0000 - 0x00007fffb043c000 	C:\WINDOWS\System32\WS2_32.dll
0x00007fffaae70000 - 0x00007fffaae9a000 	C:\WINDOWS\SYSTEM32\winmmbase.dll
0x00007fffae400000 - 0x00007fffae44a000 	C:\WINDOWS\System32\cfgmgr32.dll
0x0000000050030000 - 0x000000005003f000 	C:\Program Files\Java\jdk1.8.0_144\jre\bin\verify.dll
0x0000000050000000 - 0x0000000050029000 	C:\Program Files\Java\jdk1.8.0_144\jre\bin\java.dll
0x00000000759d0000 - 0x0000000075a05000 	C:\Program Files\Java\jdk1.8.0_144\jre\bin\jdwp.dll
0x0000000075a70000 - 0x0000000075a78000 	C:\Program Files\Java\jdk1.8.0_144\jre\bin\npt.dll
0x00000000759a0000 - 0x00000000759c3000 	C:\Program Files\Java\jdk1.8.0_144\jre\bin\instrument.dll
0x0000000075a80000 - 0x0000000075a96000 	C:\Program Files\Java\jdk1.8.0_144\jre\bin\zip.dll
0x00007fffb0820000 - 0x00007fffb1c56000 	C:\WINDOWS\System32\SHELL32.dll
0x00007fffaf570000 - 0x00007fffaf616000 	C:\WINDOWS\System32\shcore.dll
0x00007fffaea60000 - 0x00007fffaf1a7000 	C:\WINDOWS\System32\windows.storage.dll
0x00007fffb1c60000 - 0x00007fffb1cb1000 	C:\WINDOWS\System32\shlwapi.dll
0x00007fffae270000 - 0x00007fffae281000 	C:\WINDOWS\System32\kernel.appcore.dll
0x00007fffae220000 - 0x00007fffae26c000 	C:\WINDOWS\System32\powrprof.dll
0x00007fffae200000 - 0x00007fffae21b000 	C:\WINDOWS\System32\profapi.dll
0x0000000075a60000 - 0x0000000075a69000 	C:\Program Files\Java\jdk1.8.0_144\jre\bin\dt_socket.dll
0x00007fffada90000 - 0x00007fffadaf6000 	C:\WINDOWS\system32\mswsock.dll
0x0000000180000000 - 0x0000000180053000 	C:\Users\gopia\Downloads\extracted\lwjgl-2.9.3\native\windows\lwjgl64.dll
0x00007fff843f0000 - 0x00007fff8450e000 	C:\WINDOWS\SYSTEM32\OPENGL32.dll
0x00007fff880b0000 - 0x00007fff880dc000 	C:\WINDOWS\SYSTEM32\GLU32.dll
0x00007fffab890000 - 0x00007fffab925000 	C:\WINDOWS\system32\uxtheme.dll
0x00007fffb00a0000 - 0x00007fffb0207000 	C:\WINDOWS\System32\MSCTF.dll
0x00007fffaff70000 - 0x00007fffb0035000 	C:\WINDOWS\System32\OLEAUT32.dll
0x00007fff763c0000 - 0x00007fff76469000 	C:\Program Files\Common Files\microsoft shared\ink\tiptsf.dll
0x00007fffac6e0000 - 0x00007fffac70a000 	C:\WINDOWS\system32\dwmapi.dll
0x00007fffa8630000 - 0x00007fffa8670000 	C:\Program Files\WIDCOMM\Bluetooth Software\btmmhook.dll
0x00007fffafe20000 - 0x00007fffaff69000 	C:\WINDOWS\System32\ole32.dll
0x00007fff33540000 - 0x00007fff342a1000 	C:\WINDOWS\System32\DriverStore\FileRepository\ki122461.inf_amd64_ac02a4363c345cef\ig9icd64.dll
0x00007ffface80000 - 0x00007ffface93000 	C:\WINDOWS\SYSTEM32\WTSAPI32.dll
0x00007fffa0cf0000 - 0x00007fffa0d87000 	C:\WINDOWS\SYSTEM32\mscms.dll
0x00007fffae130000 - 0x00007fffae159000 	C:\WINDOWS\SYSTEM32\USERENV.dll
0x00007fff72b70000 - 0x00007fff72bb1000 	C:\WINDOWS\SYSTEM32\icm32.dll
0x00007fffb0210000 - 0x00007fffb02ae000 	C:\WINDOWS\System32\clbcatq.dll
0x00007fff853d0000 - 0x00007fff855d6000 	C:\Windows\System32\uiautomationcore.dll
0x00007fffae060000 - 0x00007fffae0fa000 	C:\WINDOWS\SYSTEM32\sxs.dll
0x00007fffaabc0000 - 0x00007fffaac9d000 	C:\Windows\System32\CoreMessaging.dll
0x00007fffa7040000 - 0x00007fffa732e000 	C:\Windows\System32\CoreUIComponents.dll
0x00007fffad340000 - 0x00007fffad371000 	C:\WINDOWS\SYSTEM32\ntmarta.dll
0x00007fffa9710000 - 0x00007fffa9846000 	C:\WINDOWS\SYSTEM32\wintypes.dll
0x00007fffa1140000 - 0x00007fffa229e000 	C:\WINDOWS\System32\DriverStore\FileRepository\ki122461.inf_amd64_ac02a4363c345cef\igc64.dll
0x00007fffad070000 - 0x00007fffad11f000 	C:\WINDOWS\SYSTEM32\dxgi.dll
0x00007fffa9fe0000 - 0x00007fffaa2c1000 	C:\WINDOWS\SYSTEM32\d3d11.dll
0x00007fffa2ee0000 - 0x00007fffa4626000 	C:\WINDOWS\System32\DriverStore\FileRepository\ki122461.inf_amd64_ac02a4363c345cef\igd10iumd64.dll
0x00007fffadd30000 - 0x00007fffadd56000 	C:\WINDOWS\SYSTEM32\ncrypt.dll
0x00007fffadd60000 - 0x00007fffadd85000 	C:\WINDOWS\SYSTEM32\bcrypt.dll
0x00007fffadcf0000 - 0x00007fffadd26000 	C:\WINDOWS\SYSTEM32\NTASN1.dll
0x00000000743f0000 - 0x0000000074588000 	C:\Program Files\Java\jdk1.8.0_144\jre\bin\awt.dll
0x00007fffab480000 - 0x00007fffab508000 	C:\WINDOWS\SYSTEM32\apphelp.dll
0x00007fffaccb0000 - 0x00007ffface78000 	C:\WINDOWS\SYSTEM32\dbghelp.dll

VM Arguments:
jvm_args: -agentlib:jdwp=transport=dt_socket,address=127.0.0.1:16288,suspend=y,server=n -javaagent:C:\Users\gopia\.IntelliJIdea2017.1\system\groovyHotSwap\gragent.jar -Dfile.encoding=UTF-8 
java_command: com.gopiandcode.gametester.MainGameLoop -Dorg.lwjgl.librarypath=C:\Users\gopia\Downloads\extracted\lwjgl-2.9.3\native\windows
java_class_path (initial): C:\Program Files\Java\jdk1.8.0_144\jre\lib\charsets.jar;C:\Program Files\Java\jdk1.8.0_144\jre\lib\deploy.jar;C:\Program Files\Java\jdk1.8.0_144\jre\lib\ext\access-bridge-64.jar;C:\Program Files\Java\jdk1.8.0_144\jre\lib\ext\cldrdata.jar;C:\Program Files\Java\jdk1.8.0_144\jre\lib\ext\dnsns.jar;C:\Program Files\Java\jdk1.8.0_144\jre\lib\ext\jaccess.jar;C:\Program Files\Java\jdk1.8.0_144\jre\lib\ext\jfxrt.jar;C:\Program Files\Java\jdk1.8.0_144\jre\lib\ext\localedata.jar;C:\Program Files\Java\jdk1.8.0_144\jre\lib\ext\nashorn.jar;C:\Program Files\Java\jdk1.8.0_144\jre\lib\ext\sunec.jar;C:\Program Files\Java\jdk1.8.0_144\jre\lib\ext\sunjce_provider.jar;C:\Program Files\Java\jdk1.8.0_144\jre\lib\ext\sunmscapi.jar;C:\Program Files\Java\jdk1.8.0_144\jre\lib\ext\sunpkcs11.jar;C:\Program Files\Java\jdk1.8.0_144\jre\lib\ext\zipfs.jar;C:\Program Files\Java\jdk1.8.0_144\jre\lib\javaws.jar;C:\Program Files\Java\jdk1.8.0_144\jre\lib\jce.jar;C:\Program Files\Java\jdk1.8.0_144\jre\lib\jfr.jar;C:\Program Files\Java\jdk1.8.0_144\jre\lib\jfxswt.jar;C:\Program Files\Java\jdk1.8.0_144\jre\lib\jsse.jar;C:\Program Files\Java\jdk1.8.0_144\jre\lib\management-agent.jar;C:\Program Files\Java\jdk1.8.0_144\jre\lib\plugin.jar;C:\Program Files\Java\jdk1.8.0_144\jre\lib\resources.jar;C:\Program Files\Java\jdk1.8.0_144\jre\lib\rt.jar;C:\Users\gopia\Documents\Files\Projects\java-projects\openglgame\build\classes\main;C:\Users\gopia\Documents\Files\Projects\java-projects\openglgame\libs\lwjgl.jar;C:\Users\gopia\Documents\Files\Projects\java-projects\openglgame\libs\slick-util.jar;C:\Users\gopia\.gradle\caches\modules-2\files-2.1\org.joml\joml\1.9.6\af24f1124d364785264c8bdcc6c8632c7e234192\joml-1.9.6.jar;C:\Program Files\JetBrains\IntelliJ IDEA 2017.1.5\lib\idea_rt.jar;C:\Users\gopia\.IntelliJIdea2017.1\system\groovyHotSwap\gragent.jar
Launcher Type: SUN_STANDARD

Environment Variables:
USERNAME=gopia
OS=Windows_NT
PROCESSOR_IDENTIFIER=Intel64 Family 6 Model 94 Stepping 3, GenuineIntel



---------------  S Y S T E M  ---------------

OS: Windows 10.0 , 64 bit Build 16299 (10.0.16299.15)

CPU:total 8 (initial active 8) (4 cores per cpu, 2 threads per core) family 6 model 94 stepping 3, cmov, cx8, fxsr, mmx, sse, sse2, sse3, ssse3, sse4.1, sse4.2, popcnt, avx, avx2, aes, clmul, erms, rtm, 3dnowpref, lzcnt, ht, tsc, tscinvbit, bmi1, bmi2, adx

Memory: 4k page, physical 16619924k(5402600k free), swap 30251412k(10779724k free)

vm_info: Java HotSpot(TM) 64-Bit Server VM (25.144-b01) for windows-amd64 JRE (1.8.0_144-b01), built on Jul 21 2017 21:57:33 by "java_re" with MS VC++ 10.0 (VS2010)

time: Sun Dec 17 20:15:54 2017
elapsed time: 9 seconds (0d 0h 0m 9s)

