#
# A fatal error has been detected by the Java Runtime Environment:
#
#  EXCEPTION_ACCESS_VIOLATION (0xc0000005) at pc=0x0000000074c8078e, pid=73528, tid=0x0000000000011570
#
# JRE version: Java(TM) SE Runtime Environment (8.0_144-b01) (build 1.8.0_144-b01)
# Java VM: Java HotSpot(TM) 64-Bit Server VM (25.144-b01 mixed mode windows-amd64 compressed oops)
# Problematic frame:
# V  [jvm.dll+0x1e078e]
#
# Failed to write core dump. Minidumps are not enabled by default on client versions of Windows
#
# If you would like to submit a bug report, please visit:
#   http://bugreport.java.com/bugreport/crash.jsp
#

---------------  T H R E A D  ---------------

Current thread (0x00000000049ce800):  JavaThread "main" [_thread_in_vm, id=71024, stack(0x0000000002fd0000,0x00000000030d0000)]

siginfo: ExceptionCode=0xc0000005, writing address 0x0000000000000000

Registers:
RAX=0x000000003f800000, RBX=0x00000000049ce800, RCX=0x0000000000000e80, RDX=0x00000000030cef20
RSP=0x00000000030cee10, RBP=0x0000000000000000, RSI=0x0000000000000000, RDI=0x0000000000000000
R8 =0x0000000000000000, R9 =0x0000000000000000, R10=0x0000000004a67f48, R11=0x0000000074ccbc50
R12=0x0000000000000000, R13=0x000000001da8c830, R14=0x00000000030cef20, R15=0x00000000049ce800
RIP=0x0000000074c8078e, EFLAGS=0x0000000000010246

Top of Stack: (sp=0x00000000030cee10)
0x00000000030cee10:   00000000048a2478 00000000049ce800
0x00000000030cee20:   000000001da8c830 0000000020200021
0x00000000030cee30:   0000000004a57e70 0000000004a67f74
0x00000000030cee40:   000000001da8c830 00000000030ceed8
0x00000000030cee50:   0000000020200021 0000000004a57e70
0x00000000030cee60:   000000003f800000 0000000004a67ceb
0x00000000030cee70:   00000000049ce800 000000001da8c830
0x00000000030cee80:   0000000020200021 00000000049ce800
0x00000000030cee90:   0000000004a67ca2 00000000030cee98
0x00000000030ceea0:   000000001da8c830 00000000030cef20
0x00000000030ceeb0:   000000001dabb278 0000000000000000
0x00000000030ceec0:   000000001da8c830 0000000000000000
0x00000000030ceed0:   00000000030ceef8 00000000030cef68
0x00000000030ceee0:   0000000004a5835d 0000000000000000
0x00000000030ceef0:   0000000004a619d8 000000003f800000
0x00000000030cef00:   00000000049ce800 0000000000000000 

Instructions: (pc=0x0000000074c8078e)
0x0000000074c8076e:   08 48 8b cb e8 19 25 06 00 c7 83 70 02 00 00 06
0x0000000074c8077e:   00 00 00 48 85 f6 74 03 48 8b 3e 48 8b 44 24 50
0x0000000074c8078e:   48 89 04 2f 48 8b 7b 48 48 8b 47 10 48 8b 77 08
0x0000000074c8079e:   48 83 38 00 74 15 48 8b 57 28 48 8b ce e8 10 d9 


Register to memory mapping:

RAX=0x000000003f800000 is an unknown value
RBX=0x00000000049ce800 is a thread
RCX=0x0000000000000e80 is an unknown value
RDX=0x00000000030cef20 is pointing into the stack for thread: 0x00000000049ce800
RSP=0x00000000030cee10 is pointing into the stack for thread: 0x00000000049ce800
RBP=0x0000000000000000 is an unknown value
RSI=0x0000000000000000 is an unknown value
RDI=0x0000000000000000 is an unknown value
R8 =0x0000000000000000 is an unknown value
R9 =0x0000000000000000 is an unknown value
R10=0x0000000004a67f48 is at code_begin+840 in an Interpreter codelet
method entry point (kind = native)  [0x0000000004a67c00, 0x0000000004a68560]  2400 bytes
R11=0x0000000074ccbc50 is an unknown value
R12=0x0000000000000000 is an unknown value
R13={method} {0x000000001da8c838} 'putLong' '(Ljava/lang/Object;JJ)V' in 'sun/misc/Unsafe'
R14=0x00000000030cef20 is pointing into the stack for thread: 0x00000000049ce800
R15=0x00000000049ce800 is a thread


Stack: [0x0000000002fd0000,0x00000000030d0000],  sp=0x00000000030cee10,  free space=1019k
Native frames: (J=compiled Java code, j=interpreted, Vv=VM code, C=native code)

Java frames: (J=compiled Java code, j=interpreted, Vv=VM code)
j  sun.misc.Unsafe.putLong(Ljava/lang/Object;JJ)V+0
j  org.joml.MemUtil$MemUtilUnsafe.putLong(Ljava/lang/Object;JJ)V+6
j  org.joml.MemUtil$MemUtilUnsafe.put(Lorg/joml/Matrix4f;J)V+34
j  org.joml.MemUtil$MemUtilUnsafe.put(Lorg/joml/Matrix4f;ILjava/nio/FloatBuffer;)V+28
j  org.joml.Matrix4f.get(ILjava/nio/FloatBuffer;)Ljava/nio/FloatBuffer;+6
j  org.joml.Matrix4f.get(Ljava/nio/FloatBuffer;)Ljava/nio/FloatBuffer;+6
j  com.gopiandcode.shaders.ShaderProgram.loadMatrix(ILorg/joml/Matrix4f;)V+4
j  com.gopiandcode.shaders.StaticShader.loadTransformationMatrix(Lorg/joml/Matrix4f;)V+6
j  com.gopiandcode.render.EntityRenderer.render(Lcom/gopiandcode/entity/Entity;Lcom/gopiandcode/shaders/StaticShader;)V+61
j  com.gopiandcode.gametester.MainGameLoop.main([Ljava/lang/String;)V+267
v  ~StubRoutines::call_stub

---------------  P R O C E S S  ---------------

Java Threads: ( => current thread )
  0x0000000027923800 JavaThread "Java2D Disposer" daemon [_thread_blocked, id=75436, stack(0x00000000280e0000,0x00000000281e0000)]
  0x00000000203ab000 JavaThread "Service Thread" daemon [_thread_blocked, id=64980, stack(0x0000000020fc0000,0x00000000210c0000)]
  0x000000002030d000 JavaThread "C1 CompilerThread3" daemon [_thread_blocked, id=64380, stack(0x0000000020ec0000,0x0000000020fc0000)]
  0x0000000020308000 JavaThread "C2 CompilerThread2" daemon [_thread_blocked, id=72044, stack(0x0000000020dc0000,0x0000000020ec0000)]
  0x0000000020301800 JavaThread "C2 CompilerThread1" daemon [_thread_blocked, id=70412, stack(0x0000000020cc0000,0x0000000020dc0000)]
  0x00000000202fd800 JavaThread "C2 CompilerThread0" daemon [_thread_blocked, id=68652, stack(0x0000000020bc0000,0x0000000020cc0000)]
  0x00000000202fb800 JavaThread "Attach Listener" daemon [_thread_blocked, id=73176, stack(0x0000000020ac0000,0x0000000020bc0000)]
  0x00000000202fa800 JavaThread "Signal Dispatcher" daemon [_thread_blocked, id=76424, stack(0x00000000209c0000,0x0000000020ac0000)]
  0x00000000202f0800 JavaThread "Finalizer" daemon [_thread_blocked, id=75492, stack(0x00000000206d0000,0x00000000207d0000)]
  0x0000000004997000 JavaThread "Reference Handler" daemon [_thread_blocked, id=72636, stack(0x00000000201d0000,0x00000000202d0000)]
=>0x00000000049ce800 JavaThread "main" [_thread_in_vm, id=71024, stack(0x0000000002fd0000,0x00000000030d0000)]

Other Threads:
  0x000000001e3fa000 VMThread [stack: 0x00000000200d0000,0x00000000201d0000] [id=75428]
  0x00000000203af000 WatcherThread [stack: 0x00000000210c0000,0x00000000211c0000] [id=74848]

VM state:not at safepoint (normal execution)

VM Mutex/Monitor currently owned by a thread: None

Heap:
 PSYoungGen      total 75776K, used 14468K [0x000000076b780000, 0x0000000770c00000, 0x00000007c0000000)
  eden space 65024K, 22% used [0x000000076b780000,0x000000076c5a1070,0x000000076f700000)
  from space 10752K, 0% used [0x0000000770180000,0x0000000770180000,0x0000000770c00000)
  to   space 10752K, 0% used [0x000000076f700000,0x000000076f700000,0x0000000770180000)
 ParOldGen       total 173568K, used 0K [0x00000006c2600000, 0x00000006ccf80000, 0x000000076b780000)
  object space 173568K, 0% used [0x00000006c2600000,0x00000006c2600000,0x00000006ccf80000)
 Metaspace       used 10351K, capacity 10533K, committed 10880K, reserved 1058816K
  class space    used 987K, capacity 1049K, committed 1152K, reserved 1048576K

Card table byte_map: [0x0000000013e10000,0x0000000014600000] byte_map_base: 0x00000000107fd000

Marking Bits: (ParMarkBitMap*) 0x00000000752bd850
 Begin Bits: [0x0000000015350000, 0x00000000192b8000)
 End Bits:   [0x00000000192b8000, 0x000000001d220000)

Polling page: 0x0000000002bb0000

CodeCache: size=245760Kb used=2682Kb max_used=2682Kb free=243077Kb
 bounds [0x0000000004a50000, 0x0000000004cf0000, 0x0000000013a50000]
 total_blobs=1189 nmethods=620 adapters=482
 compilation: enabled

Compilation events (10 events):
Event: 0.807 Thread 0x000000002030d000  615       3       java.util.jar.JarFile::maybeInstantiateVerifier (96 bytes)
Event: 0.808 Thread 0x000000002030d000 nmethod 615 0x0000000004ce9310 code [0x0000000004ce9540, 0x0000000004cea208]
Event: 0.808 Thread 0x000000002030d000  616       1       java.util.jar.JarFile::access$300 (5 bytes)
Event: 0.808 Thread 0x000000002030d000 nmethod 616 0x0000000004cea850 code [0x0000000004cea9a0, 0x0000000004ceaa90]
Event: 0.810 Thread 0x000000002030d000  618       3       java.lang.String::<init> (15 bytes)
Event: 0.811 Thread 0x000000002030d000 nmethod 618 0x0000000004ceae90 code [0x0000000004ceb020, 0x0000000004ceb408]
Event: 0.811 Thread 0x000000002030d000  619       3       java.util.zip.ZipCoder::getBytes (192 bytes)
Event: 0.813 Thread 0x000000002030d000 nmethod 619 0x0000000004ceb990 code [0x0000000004cebd40, 0x0000000004cee068]
Event: 0.813 Thread 0x000000002030d000  620       3       java.util.zip.ZipCoder::encoder (35 bytes)
Event: 0.813 Thread 0x000000002030d000 nmethod 620 0x0000000004cef410 code [0x0000000004cef5a0, 0x0000000004cefc28]

GC Heap History (0 events):
No events

Deoptimization events (1 events):
Event: 0.499 Thread 0x00000000049ce800 Uncommon trap: reason=unstable_if action=reinterpret pc=0x0000000004bf59a8 method=java.lang.String.indexOf([CII[CIII)I @ 3

Internal exceptions (10 events):
Event: 0.094 Thread 0x00000000049ce800 Exception <a 'java/security/PrivilegedActionException'> (0x000000076b7f9550) thrown at [C:\re\workspace\8-2-build-windows-amd64-cygwin\jdk8u144\9417\hotspot\src\share\vm\prims\jvm.cpp, line 1390]
Event: 0.094 Thread 0x00000000049ce800 Exception <a 'java/security/PrivilegedActionException'> (0x000000076b7f9760) thrown at [C:\re\workspace\8-2-build-windows-amd64-cygwin\jdk8u144\9417\hotspot\src\share\vm\prims\jvm.cpp, line 1390]
Event: 0.402 Thread 0x00000000049ce800 Exception <a 'java/security/PrivilegedActionException'> (0x000000076bd2ec10) thrown at [C:\re\workspace\8-2-build-windows-amd64-cygwin\jdk8u144\9417\hotspot\src\share\vm\prims\jvm.cpp, line 1390]
Event: 0.402 Thread 0x00000000049ce800 Exception <a 'java/security/PrivilegedActionException'> (0x000000076bd2f008) thrown at [C:\re\workspace\8-2-build-windows-amd64-cygwin\jdk8u144\9417\hotspot\src\share\vm\prims\jvm.cpp, line 1390]
Event: 0.402 Thread 0x00000000049ce800 Exception <a 'java/security/PrivilegedActionException'> (0x000000076bd332e8) thrown at [C:\re\workspace\8-2-build-windows-amd64-cygwin\jdk8u144\9417\hotspot\src\share\vm\prims\jvm.cpp, line 1390]
Event: 0.402 Thread 0x00000000049ce800 Exception <a 'java/security/PrivilegedActionException'> (0x000000076bd336e0) thrown at [C:\re\workspace\8-2-build-windows-amd64-cygwin\jdk8u144\9417\hotspot\src\share\vm\prims\jvm.cpp, line 1390]
Event: 0.431 Thread 0x00000000049ce800 Exception <a 'java/io/FileNotFoundException'> (0x000000076bd979f8) thrown at [C:\re\workspace\8-2-build-windows-amd64-cygwin\jdk8u144\9417\hotspot\src\share\vm\prims\jni.cpp, line 709]
Event: 0.467 Thread 0x00000000049ce800 Exception <a 'java/lang/NoSuchFieldError': method resolution failed> (0x000000076be649f8) thrown at [C:\re\workspace\8-2-build-windows-amd64-cygwin\jdk8u144\9417\hotspot\src\share\vm\prims\methodHandles.cpp, line 1146]
Event: 0.469 Thread 0x00000000049ce800 Exception <a 'java/lang/NoSuchFieldError': method resolution failed> (0x000000076be720e8) thrown at [C:\re\workspace\8-2-build-windows-amd64-cygwin\jdk8u144\9417\hotspot\src\share\vm\prims\methodHandles.cpp, line 1146]
Event: 0.685 Thread 0x00000000049ce800 Exception <a 'java/io/FileNotFoundException'> (0x000000076c0686a8) thrown at [C:\re\workspace\8-2-build-windows-amd64-cygwin\jdk8u144\9417\hotspot\src\share\vm\prims\jni.cpp, line 709]

Events (10 events):
Event: 0.813 loading class org/joml/Vector2ic
Event: 0.813 loading class org/joml/Vector2ic done
Event: 0.814 loading class org/joml/Quaternionf
Event: 0.815 loading class org/joml/Quaternionf done
Event: 0.815 loading class org/joml/Quaternionfc
Event: 0.815 loading class org/joml/Quaternionfc done
Event: 0.815 Thread 0x00000000049ce800 DEOPT PACKING pc=0x0000000004c4b0f6 sp=0x00000000030c9ac0
Event: 0.815 Thread 0x00000000049ce800 DEOPT UNPACKING pc=0x0000000004a9787f sp=0x00000000030c9798 mode 0
Event: 0.819 loading class org/joml/Math
Event: 0.819 loading class org/joml/Math done


Dynamic libraries:
0x00007ff616ed0000 - 0x00007ff616f07000 	C:\Program Files\Java\jdk1.8.0_144\bin\java.exe
0x00007fffb1eb0000 - 0x00007fffb2090000 	C:\WINDOWS\SYSTEM32\ntdll.dll
0x00007fffb0440000 - 0x00007fffb04ee000 	C:\WINDOWS\System32\KERNEL32.DLL
0x00007fffae550000 - 0x00007fffae7b6000 	C:\WINDOWS\System32\KERNELBASE.dll
0x00007fffb06a0000 - 0x00007fffb0741000 	C:\WINDOWS\System32\ADVAPI32.dll
0x00007fffb1cd0000 - 0x00007fffb1d6d000 	C:\WINDOWS\System32\msvcrt.dll
0x00007fffaf620000 - 0x00007fffaf67b000 	C:\WINDOWS\System32\sechost.dll
0x00007fffb02b0000 - 0x00007fffb03cf000 	C:\WINDOWS\System32\RPCRT4.dll
0x00007fffaf3e0000 - 0x00007fffaf56f000 	C:\WINDOWS\System32\USER32.dll
0x00007fffae2b0000 - 0x00007fffae2d0000 	C:\WINDOWS\System32\win32u.dll
0x00007fffafdf0000 - 0x00007fffafe18000 	C:\WINDOWS\System32\GDI32.dll
0x00007fffae8c0000 - 0x00007fffaea53000 	C:\WINDOWS\System32\gdi32full.dll
0x00007fffae820000 - 0x00007fffae8bb000 	C:\WINDOWS\System32\msvcp_win.dll
0x00007fffae450000 - 0x00007fffae546000 	C:\WINDOWS\System32\ucrtbase.dll
0x00007fffa0a80000 - 0x00007fffa0ce9000 	C:\WINDOWS\WinSxS\amd64_microsoft.windows.common-controls_6595b64144ccf1df_6.0.16299.125_none_15cbcf8893620c09\COMCTL32.dll
0x00007fffaf680000 - 0x00007fffaf988000 	C:\WINDOWS\System32\combase.dll
0x00007fffae2d0000 - 0x00007fffae342000 	C:\WINDOWS\System32\bcryptPrimitives.dll
0x00007fffb0750000 - 0x00007fffb077d000 	C:\WINDOWS\System32\IMM32.DLL
0x0000000075aa0000 - 0x0000000075b72000 	C:\Program Files\Java\jdk1.8.0_144\jre\bin\msvcr100.dll
0x0000000074aa0000 - 0x000000007533d000 	C:\Program Files\Java\jdk1.8.0_144\jre\bin\server\jvm.dll
0x00007fffb1cc0000 - 0x00007fffb1cc8000 	C:\WINDOWS\System32\PSAPI.DLL
0x00007fffaaed0000 - 0x00007fffaaef3000 	C:\WINDOWS\SYSTEM32\WINMM.dll
0x00007fffa7330000 - 0x00007fffa733a000 	C:\WINDOWS\SYSTEM32\VERSION.dll
0x00007fffaae70000 - 0x00007fffaae9a000 	C:\WINDOWS\SYSTEM32\winmmbase.dll
0x00007fffae400000 - 0x00007fffae44a000 	C:\WINDOWS\System32\cfgmgr32.dll
0x00007fffacea0000 - 0x00007fffacea9000 	C:\WINDOWS\SYSTEM32\WSOCK32.dll
0x00007fffb03d0000 - 0x00007fffb043c000 	C:\WINDOWS\System32\WS2_32.dll
0x0000000050030000 - 0x000000005003f000 	C:\Program Files\Java\jdk1.8.0_144\jre\bin\verify.dll
0x0000000050000000 - 0x0000000050029000 	C:\Program Files\Java\jdk1.8.0_144\jre\bin\java.dll
0x0000000075a80000 - 0x0000000075a96000 	C:\Program Files\Java\jdk1.8.0_144\jre\bin\zip.dll
0x00007fffb0820000 - 0x00007fffb1c56000 	C:\WINDOWS\System32\SHELL32.dll
0x00007fffaf570000 - 0x00007fffaf616000 	C:\WINDOWS\System32\shcore.dll
0x00007fffaea60000 - 0x00007fffaf1a7000 	C:\WINDOWS\System32\windows.storage.dll
0x00007fffb1c60000 - 0x00007fffb1cb1000 	C:\WINDOWS\System32\shlwapi.dll
0x00007fffae270000 - 0x00007fffae281000 	C:\WINDOWS\System32\kernel.appcore.dll
0x00007fffae220000 - 0x00007fffae26c000 	C:\WINDOWS\System32\powrprof.dll
0x00007fffae200000 - 0x00007fffae21b000 	C:\WINDOWS\System32\profapi.dll
0x0000000180000000 - 0x0000000180053000 	C:\Users\gopia\Downloads\extracted\lwjgl-2.9.3\native\windows\lwjgl64.dll
0x00007fff843f0000 - 0x00007fff8450e000 	C:\WINDOWS\SYSTEM32\OPENGL32.dll
0x00007fff880b0000 - 0x00007fff880dc000 	C:\WINDOWS\SYSTEM32\GLU32.dll
0x00007fffab890000 - 0x00007fffab925000 	C:\WINDOWS\system32\uxtheme.dll
0x00007fffb00a0000 - 0x00007fffb0207000 	C:\WINDOWS\System32\MSCTF.dll
0x00007fffaff70000 - 0x00007fffb0035000 	C:\WINDOWS\System32\OLEAUT32.dll
0x00007fff763c0000 - 0x00007fff76469000 	C:\Program Files\Common Files\microsoft shared\ink\tiptsf.dll
0x00007fffac6e0000 - 0x00007fffac70a000 	C:\WINDOWS\system32\dwmapi.dll
0x00007fffa8630000 - 0x00007fffa8670000 	C:\Program Files\WIDCOMM\Bluetooth Software\btmmhook.dll
0x00007fffafe20000 - 0x00007fffaff69000 	C:\WINDOWS\System32\ole32.dll
0x00007fff33540000 - 0x00007fff342a1000 	C:\WINDOWS\System32\DriverStore\FileRepository\ki122461.inf_amd64_ac02a4363c345cef\ig9icd64.dll
0x00007ffface80000 - 0x00007ffface93000 	C:\WINDOWS\SYSTEM32\WTSAPI32.dll
0x00007fff93940000 - 0x00007fff939d8000 	C:\WINDOWS\System32\TextInputFramework.dll
0x00007fffaabc0000 - 0x00007fffaac9d000 	C:\WINDOWS\System32\CoreMessaging.dll
0x00007fffa7040000 - 0x00007fffa732e000 	C:\WINDOWS\System32\CoreUIComponents.dll
0x00007fffad340000 - 0x00007fffad371000 	C:\WINDOWS\SYSTEM32\ntmarta.dll
0x00007fffa9710000 - 0x00007fffa9846000 	C:\WINDOWS\SYSTEM32\wintypes.dll
0x00007fffa0cf0000 - 0x00007fffa0d87000 	C:\WINDOWS\SYSTEM32\mscms.dll
0x00007fffae130000 - 0x00007fffae159000 	C:\WINDOWS\SYSTEM32\USERENV.dll
0x00007fff72b70000 - 0x00007fff72bb1000 	C:\WINDOWS\SYSTEM32\icm32.dll
0x00007fffb0210000 - 0x00007fffb02ae000 	C:\WINDOWS\System32\clbcatq.dll
0x00007fff853d0000 - 0x00007fff855d6000 	C:\Windows\System32\uiautomationcore.dll
0x00007fffae060000 - 0x00007fffae0fa000 	C:\WINDOWS\SYSTEM32\sxs.dll
0x00007fffa4eb0000 - 0x00007fffa4f1e000 	C:\Windows\System32\OLEACC.dll
0x00007fffa1140000 - 0x00007fffa229e000 	C:\WINDOWS\System32\DriverStore\FileRepository\ki122461.inf_amd64_ac02a4363c345cef\igc64.dll
0x00007fffad070000 - 0x00007fffad11f000 	C:\WINDOWS\SYSTEM32\dxgi.dll
0x00007fffa9fe0000 - 0x00007fffaa2c1000 	C:\WINDOWS\SYSTEM32\d3d11.dll
0x00007fffa2ee0000 - 0x00007fffa4626000 	C:\WINDOWS\System32\DriverStore\FileRepository\ki122461.inf_amd64_ac02a4363c345cef\igd10iumd64.dll
0x00007fffadd30000 - 0x00007fffadd56000 	C:\WINDOWS\SYSTEM32\ncrypt.dll
0x00007fffadd60000 - 0x00007fffadd85000 	C:\WINDOWS\SYSTEM32\bcrypt.dll
0x00007fffadcf0000 - 0x00007fffadd26000 	C:\WINDOWS\SYSTEM32\NTASN1.dll
0x00000000743f0000 - 0x0000000074588000 	C:\Program Files\Java\jdk1.8.0_144\jre\bin\awt.dll
0x00007fffab480000 - 0x00007fffab508000 	C:\WINDOWS\SYSTEM32\apphelp.dll
0x00007fffadc50000 - 0x00007fffadc67000 	C:\WINDOWS\SYSTEM32\CRYPTSP.dll
0x00007fffad6a0000 - 0x00007fffad6d3000 	C:\WINDOWS\system32\rsaenh.dll
0x00007fffadc70000 - 0x00007fffadc7b000 	C:\WINDOWS\SYSTEM32\CRYPTBASE.dll
0x0000000075a30000 - 0x0000000075a4a000 	C:\Program Files\Java\jdk1.8.0_144\jre\bin\net.dll
0x00007fffada90000 - 0x00007fffadaf6000 	C:\WINDOWS\system32\mswsock.dll
0x00007fffad820000 - 0x00007fffad859000 	C:\WINDOWS\SYSTEM32\IPHLPAPI.DLL
0x00007fffafde0000 - 0x00007fffafde8000 	C:\WINDOWS\System32\NSI.dll
0x00007fffa83b0000 - 0x00007fffa83c6000 	C:\WINDOWS\SYSTEM32\dhcpcsvc6.DLL
0x00007fffa2b70000 - 0x00007fffa2b8a000 	C:\WINDOWS\SYSTEM32\dhcpcsvc.DLL
0x0000000075a10000 - 0x0000000075a21000 	C:\Program Files\Java\jdk1.8.0_144\jre\bin\nio.dll
0x00007fffaccb0000 - 0x00007ffface78000 	C:\WINDOWS\SYSTEM32\dbghelp.dll

VM Arguments:
jvm_args: -Dorg.lwjgl.librarypath=C:\Users\gopia\Downloads\extracted\lwjgl-2.9.3\native\windows -Dfile.encoding=windows-1252 -Duser.country=GB -Duser.language=en -Duser.variant 
java_command: com.gopiandcode.gametester.MainGameLoop
java_class_path (initial): C:\Users\gopia\Documents\Files\Projects\java-projects\openglgame\build\classes\main;C:\Users\gopia\Documents\Files\Projects\java-projects\openglgame\build\resources\main;C:\Users\gopia\Documents\Files\Projects\java-projects\openglgame\libs\lwjgl.jar;C:\Users\gopia\Documents\Files\Projects\java-projects\openglgame\libs\slick-util.jar;C:\Users\gopia\.gradle\caches\modules-2\files-2.1\org.joml\joml\1.9.6\af24f1124d364785264c8bdcc6c8632c7e234192\joml-1.9.6.jar
Launcher Type: SUN_STANDARD

Environment Variables:
USERNAME=gopia
OS=Windows_NT
PROCESSOR_IDENTIFIER=Intel64 Family 6 Model 94 Stepping 3, GenuineIntel



---------------  S Y S T E M  ---------------

OS: Windows 10.0 , 64 bit Build 16299 (10.0.16299.15)

CPU:total 8 (initial active 8) (4 cores per cpu, 2 threads per core) family 6 model 94 stepping 3, cmov, cx8, fxsr, mmx, sse, sse2, sse3, ssse3, sse4.1, sse4.2, popcnt, avx, avx2, aes, clmul, erms, rtm, 3dnowpref, lzcnt, ht, tsc, tscinvbit, bmi1, bmi2, adx

Memory: 4k page, physical 16619924k(5075784k free), swap 30251412k(10391156k free)

vm_info: Java HotSpot(TM) 64-Bit Server VM (25.144-b01) for windows-amd64 JRE (1.8.0_144-b01), built on Jul 21 2017 21:57:33 by "java_re" with MS VC++ 10.0 (VS2010)

time: Sun Dec 17 19:47:43 2017
elapsed time: 0 seconds (0d 0h 0m 0s)

